<?xml version="1.0" encoding="UTF-8"?>
<coverage generated="1554748871683" clover="3.2.0">
  <project timestamp="1554748871683" name="All files">
    <metrics statements="81" coveredstatements="67" conditionals="26" coveredconditionals="18" methods="45" coveredmethods="37" elements="152" coveredelements="122" complexity="0" loc="81" ncloc="81" packages="1" files="9" classes="9">
      <file name="App.js" path="C:\Users\anton\Documents\reactnd-project-myreads-starter\src\components\App.js">
        <metrics statements="39" coveredstatements="25" conditionals="10" coveredconditionals="7" methods="23" coveredmethods="15"/>
        <line num="11" count="5" type="stmt"/>
        <line num="12" count="5" type="stmt"/>
        <line num="13" count="5" type="stmt"/>
        <line num="14" count="5" type="stmt"/>
        <line num="22" count="6" type="stmt"/>
        <line num="23" count="4" type="stmt"/>
        <line num="31" count="0" type="stmt"/>
        <line num="32" count="0" type="stmt"/>
        <line num="33" count="0" type="stmt"/>
        <line num="34" count="0" type="stmt"/>
        <line num="35" count="0" type="stmt"/>
        <line num="40" count="0" type="stmt"/>
        <line num="41" count="0" type="stmt"/>
        <line num="43" count="0" type="stmt"/>
        <line num="53" count="1" type="stmt"/>
        <line num="54" count="20" type="stmt"/>
        <line num="55" count="140" type="cond" truecount="1" falsecount="1"/>
        <line num="56" count="0" type="stmt"/>
        <line num="57" count="140" type="cond" truecount="2" falsecount="0"/>
        <line num="58" count="20" type="stmt"/>
        <line num="61" count="20" type="stmt"/>
        <line num="63" count="1" type="stmt"/>
        <line num="71" count="1" type="stmt"/>
        <line num="72" count="1" type="stmt"/>
        <line num="73" count="1" type="cond" truecount="1" falsecount="1"/>
        <line num="74" count="1" type="stmt"/>
        <line num="75" count="1" type="cond" truecount="3" falsecount="1"/>
        <line num="80" count="0" type="stmt"/>
        <line num="85" count="1" type="stmt"/>
        <line num="86" count="1" type="stmt"/>
        <line num="93" count="2" type="stmt"/>
        <line num="97" count="1" type="stmt"/>
        <line num="101" count="2" type="stmt"/>
        <line num="105" count="13" type="stmt"/>
        <line num="112" count="2" type="stmt"/>
        <line num="124" count="0" type="stmt"/>
        <line num="137" count="0" type="stmt"/>
        <line num="138" count="0" type="stmt"/>
        <line num="141" count="0" type="stmt"/>
      </file>
      <file name="Book.js" path="C:\Users\anton\Documents\reactnd-project-myreads-starter\src\components\Book.js">
        <metrics statements="5" coveredstatements="5" conditionals="4" coveredconditionals="3" methods="1" coveredmethods="1"/>
        <line num="7" count="6" type="stmt"/>
        <line num="8" count="26" type="stmt"/>
        <line num="9" count="26" type="stmt"/>
        <line num="16" count="26" type="stmt"/>
        <line num="45" count="6" type="stmt"/>
      </file>
      <file name="BookShelf.js" path="C:\Users\anton\Documents\reactnd-project-myreads-starter\src\components\BookShelf.js">
        <metrics statements="5" coveredstatements="5" conditionals="0" coveredconditionals="0" methods="2" coveredmethods="2"/>
        <line num="6" count="3" type="stmt"/>
        <line num="7" count="4" type="stmt"/>
        <line num="8" count="27" type="stmt"/>
        <line num="11" count="4" type="stmt"/>
        <line num="21" count="3" type="stmt"/>
      </file>
      <file name="BooksGrid.js" path="C:\Users\anton\Documents\reactnd-project-myreads-starter\src\components\BooksGrid.js">
        <metrics statements="4" coveredstatements="4" conditionals="0" coveredconditionals="0" methods="2" coveredmethods="2"/>
        <line num="6" count="5" type="stmt"/>
        <line num="7" count="7" type="stmt"/>
        <line num="9" count="31" type="stmt"/>
        <line num="16" count="5" type="stmt"/>
      </file>
      <file name="Loading.js" path="C:\Users\anton\Documents\reactnd-project-myreads-starter\src\components\Loading.js">
        <metrics statements="2" coveredstatements="2" conditionals="0" coveredconditionals="0" methods="1" coveredmethods="1"/>
        <line num="5" count="4" type="stmt"/>
        <line num="6" count="2" type="stmt"/>
      </file>
      <file name="PageDetailBook.js" path="C:\Users\anton\Documents\reactnd-project-myreads-starter\src\components\PageDetailBook.js">
        <metrics statements="7" coveredstatements="7" conditionals="8" coveredconditionals="5" methods="5" coveredmethods="5"/>
        <line num="19" count="4" type="stmt"/>
        <line num="20" count="4" type="stmt"/>
        <line num="21" count="3" type="stmt"/>
        <line num="29" count="6" type="stmt"/>
        <line num="30" count="6" type="stmt"/>
        <line num="31" count="6" type="stmt"/>
        <line num="36" count="1" type="stmt"/>
      </file>
      <file name="PageListBooks.js" path="C:\Users\anton\Documents\reactnd-project-myreads-starter\src\components\PageListBooks.js">
        <metrics statements="6" coveredstatements="6" conditionals="2" coveredconditionals="2" methods="3" coveredmethods="3"/>
        <line num="7" count="2" type="stmt"/>
        <line num="13" count="4" type="stmt"/>
        <line num="19" count="4" type="stmt"/>
        <line num="29" count="9" type="stmt"/>
        <line num="39" count="1" type="stmt"/>
        <line num="45" count="2" type="stmt"/>
      </file>
      <file name="PageSearchBooks.js" path="C:\Users\anton\Documents\reactnd-project-myreads-starter\src\components\PageSearchBooks.js">
        <metrics statements="8" coveredstatements="8" conditionals="2" coveredconditionals="1" methods="5" coveredmethods="5"/>
        <line num="9" count="3" type="stmt"/>
        <line num="10" count="3" type="stmt"/>
        <line num="23" count="3" type="stmt"/>
        <line num="24" count="3" type="stmt"/>
        <line num="34" count="3" type="stmt"/>
        <line num="35" count="3" type="stmt"/>
        <line num="41" count="1" type="stmt"/>
        <line num="51" count="1" type="stmt"/>
      </file>
      <file name="Select.js" path="C:\Users\anton\Documents\reactnd-project-myreads-starter\src\components\Select.js">
        <metrics statements="5" coveredstatements="5" conditionals="0" coveredconditionals="0" methods="3" coveredmethods="3"/>
        <line num="4" count="7" type="stmt"/>
        <line num="5" count="29" type="stmt"/>
        <line num="7" count="1" type="stmt"/>
        <line num="13" count="116" type="stmt"/>
        <line num="20" count="7" type="stmt"/>
      </file>
    </metrics>
  </project>
</coverage>
