{"C:\\Users\\anton\\Documents\\reactnd-project-myreads-starter\\src\\components\\App.js": {"path":"C:\\Users\\anton\\Documents\\reactnd-project-myreads-starter\\src\\components\\App.js","statementMap":{"0":{"start":{"line":11,"column":4},"end":{"line":11,"column":17}},"1":{"start":{"line":12,"column":4},"end":{"line":12,"column":43}},"2":{"start":{"line":13,"column":4},"end":{"line":13,"column":43}},"3":{"start":{"line":14,"column":4},"end":{"line":18,"column":6}},"4":{"start":{"line":22,"column":4},"end":{"line":27,"column":7}},"5":{"start":{"line":23,"column":6},"end":{"line":26,"column":9}},"6":{"start":{"line":31,"column":21},"end":{"line":31,"column":31}},"7":{"start":{"line":32,"column":4},"end":{"line":32,"column":40}},"8":{"start":{"line":33,"column":4},"end":{"line":36,"column":7}},"9":{"start":{"line":34,"column":6},"end":{"line":34,"column":68}},"10":{"start":{"line":35,"column":6},"end":{"line":35,"column":45}},"11":{"start":{"line":40,"column":4},"end":{"line":40,"column":23}},"12":{"start":{"line":41,"column":4},"end":{"line":45,"column":8}},"13":{"start":{"line":41,"column":32},"end":{"line":45,"column":5}},"14":{"start":{"line":43,"column":26},"end":{"line":43,"column":47}},"15":{"start":{"line":53,"column":28},"end":{"line":62,"column":6}},"16":{"start":{"line":54,"column":6},"end":{"line":60,"column":9}},"17":{"start":{"line":55,"column":8},"end":{"line":59,"column":9}},"18":{"start":{"line":56,"column":10},"end":{"line":56,"column":31}},"19":{"start":{"line":57,"column":15},"end":{"line":59,"column":9}},"20":{"start":{"line":58,"column":10},"end":{"line":58,"column":30}},"21":{"start":{"line":61,"column":6},"end":{"line":61,"column":18}},"22":{"start":{"line":63,"column":4},"end":{"line":63,"column":27}},"23":{"start":{"line":71,"column":4},"end":{"line":71,"column":23}},"24":{"start":{"line":72,"column":4},"end":{"line":72,"column":32}},"25":{"start":{"line":73,"column":4},"end":{"line":81,"column":5}},"26":{"start":{"line":74,"column":6},"end":{"line":78,"column":9}},"27":{"start":{"line":75,"column":8},"end":{"line":77,"column":66}},"28":{"start":{"line":80,"column":6},"end":{"line":80,"column":30}},"29":{"start":{"line":85,"column":4},"end":{"line":89,"column":7}},"30":{"start":{"line":86,"column":6},"end":{"line":88,"column":23}},"31":{"start":{"line":93,"column":4},"end":{"line":93,"column":39}},"32":{"start":{"line":97,"column":4},"end":{"line":97,"column":28}},"33":{"start":{"line":101,"column":4},"end":{"line":101,"column":56}},"34":{"start":{"line":105,"column":4},"end":{"line":144,"column":6}},"35":{"start":{"line":112,"column":14},"end":{"line":117,"column":16}},"36":{"start":{"line":124,"column":14},"end":{"line":131,"column":16}},"37":{"start":{"line":137,"column":25},"end":{"line":137,"column":40}},"38":{"start":{"line":138,"column":14},"end":{"line":138,"column":71}},"39":{"start":{"line":141,"column":31},"end":{"line":141,"column":50}}},"fnMap":{"0":{"name":"(anonymous_0)","decl":{"start":{"line":10,"column":2},"end":{"line":10,"column":3}},"loc":{"start":{"line":10,"column":21},"end":{"line":19,"column":3}},"line":10},"1":{"name":"(anonymous_1)","decl":{"start":{"line":21,"column":2},"end":{"line":21,"column":3}},"loc":{"start":{"line":21,"column":22},"end":{"line":28,"column":3}},"line":21},"2":{"name":"(anonymous_2)","decl":{"start":{"line":22,"column":27},"end":{"line":22,"column":28}},"loc":{"start":{"line":22,"column":36},"end":{"line":27,"column":5}},"line":22},"3":{"name":"(anonymous_3)","decl":{"start":{"line":30,"column":15},"end":{"line":30,"column":16}},"loc":{"start":{"line":30,"column":32},"end":{"line":37,"column":3}},"line":30},"4":{"name":"(anonymous_4)","decl":{"start":{"line":33,"column":39},"end":{"line":33,"column":40}},"loc":{"start":{"line":33,"column":45},"end":{"line":36,"column":5}},"line":33},"5":{"name":"(anonymous_5)","decl":{"start":{"line":39,"column":22},"end":{"line":39,"column":23}},"loc":{"start":{"line":39,"column":39},"end":{"line":46,"column":3}},"line":39},"6":{"name":"(anonymous_6)","decl":{"start":{"line":41,"column":18},"end":{"line":41,"column":19}},"loc":{"start":{"line":41,"column":32},"end":{"line":45,"column":5}},"line":41},"7":{"name":"(anonymous_7)","decl":{"start":{"line":43,"column":16},"end":{"line":43,"column":17}},"loc":{"start":{"line":43,"column":26},"end":{"line":43,"column":47}},"line":43},"8":{"name":"(anonymous_8)","decl":{"start":{"line":52,"column":24},"end":{"line":52,"column":25}},"loc":{"start":{"line":52,"column":33},"end":{"line":64,"column":3}},"line":52},"9":{"name":"(anonymous_9)","decl":{"start":{"line":53,"column":38},"end":{"line":53,"column":39}},"loc":{"start":{"line":53,"column":46},"end":{"line":62,"column":5}},"line":53},"10":{"name":"(anonymous_10)","decl":{"start":{"line":54,"column":31},"end":{"line":54,"column":32}},"loc":{"start":{"line":54,"column":36},"end":{"line":60,"column":7}},"line":54},"11":{"name":"(anonymous_11)","decl":{"start":{"line":70,"column":16},"end":{"line":70,"column":17}},"loc":{"start":{"line":70,"column":25},"end":{"line":82,"column":3}},"line":70},"12":{"name":"(anonymous_12)","decl":{"start":{"line":74,"column":58},"end":{"line":74,"column":59}},"loc":{"start":{"line":74,"column":68},"end":{"line":78,"column":7}},"line":74},"13":{"name":"(anonymous_13)","decl":{"start":{"line":84,"column":18},"end":{"line":84,"column":19}},"loc":{"start":{"line":84,"column":27},"end":{"line":90,"column":3}},"line":84},"14":{"name":"(anonymous_14)","decl":{"start":{"line":85,"column":23},"end":{"line":85,"column":24}},"loc":{"start":{"line":85,"column":44},"end":{"line":89,"column":5}},"line":85},"15":{"name":"(anonymous_15)","decl":{"start":{"line":92,"column":16},"end":{"line":92,"column":17}},"loc":{"start":{"line":92,"column":22},"end":{"line":94,"column":3}},"line":92},"16":{"name":"(anonymous_16)","decl":{"start":{"line":96,"column":21},"end":{"line":96,"column":22}},"loc":{"start":{"line":96,"column":27},"end":{"line":98,"column":3}},"line":96},"17":{"name":"(anonymous_17)","decl":{"start":{"line":100,"column":19},"end":{"line":100,"column":20}},"loc":{"start":{"line":100,"column":27},"end":{"line":102,"column":3}},"line":100},"18":{"name":"(anonymous_18)","decl":{"start":{"line":104,"column":2},"end":{"line":104,"column":3}},"loc":{"start":{"line":104,"column":11},"end":{"line":145,"column":3}},"line":104},"19":{"name":"(anonymous_19)","decl":{"start":{"line":111,"column":20},"end":{"line":111,"column":21}},"loc":{"start":{"line":112,"column":14},"end":{"line":117,"column":16}},"line":112},"20":{"name":"(anonymous_20)","decl":{"start":{"line":123,"column":20},"end":{"line":123,"column":21}},"loc":{"start":{"line":124,"column":14},"end":{"line":131,"column":16}},"line":124},"21":{"name":"(anonymous_21)","decl":{"start":{"line":136,"column":20},"end":{"line":136,"column":21}},"loc":{"start":{"line":136,"column":44},"end":{"line":139,"column":13}},"line":136},"22":{"name":"(anonymous_22)","decl":{"start":{"line":141,"column":25},"end":{"line":141,"column":26}},"loc":{"start":{"line":141,"column":31},"end":{"line":141,"column":50}},"line":141}},"branchMap":{"0":{"loc":{"start":{"line":55,"column":8},"end":{"line":59,"column":9}},"type":"if","locations":[{"start":{"line":55,"column":8},"end":{"line":59,"column":9}},{"start":{"line":55,"column":8},"end":{"line":59,"column":9}}],"line":55},"1":{"loc":{"start":{"line":57,"column":15},"end":{"line":59,"column":9}},"type":"if","locations":[{"start":{"line":57,"column":15},"end":{"line":59,"column":9}},{"start":{"line":57,"column":15},"end":{"line":59,"column":9}}],"line":57},"2":{"loc":{"start":{"line":73,"column":4},"end":{"line":81,"column":5}},"type":"if","locations":[{"start":{"line":73,"column":4},"end":{"line":81,"column":5}},{"start":{"line":73,"column":4},"end":{"line":81,"column":5}}],"line":73},"3":{"loc":{"start":{"line":75,"column":8},"end":{"line":77,"column":65}},"type":"cond-expr","locations":[{"start":{"line":76,"column":12},"end":{"line":76,"column":35}},{"start":{"line":77,"column":12},"end":{"line":77,"column":65}}],"line":75},"4":{"loc":{"start":{"line":75,"column":8},"end":{"line":75,"column":31}},"type":"binary-expr","locations":[{"start":{"line":75,"column":8},"end":{"line":75,"column":15}},{"start":{"line":75,"column":19},"end":{"line":75,"column":31}}],"line":75}},"s":{"0":5,"1":5,"2":5,"3":5,"4":6,"5":4,"6":0,"7":0,"8":0,"9":0,"10":0,"11":0,"12":0,"13":0,"14":0,"15":1,"16":20,"17":140,"18":0,"19":140,"20":20,"21":20,"22":1,"23":1,"24":1,"25":1,"26":1,"27":1,"28":0,"29":1,"30":1,"31":2,"32":1,"33":2,"34":13,"35":2,"36":0,"37":0,"38":0,"39":0},"f":{"0":5,"1":6,"2":4,"3":0,"4":0,"5":0,"6":0,"7":0,"8":1,"9":20,"10":140,"11":1,"12":1,"13":1,"14":1,"15":2,"16":1,"17":2,"18":13,"19":2,"20":0,"21":0,"22":0},"b":{"0":[0,140],"1":[20,120],"2":[1,0],"3":[0,1],"4":[1,1]},"_coverageSchema":"332fd63041d2c1bcb487cc26dd0d5f7d97098a6c","hash":"80be62f04d708b9df0d8ad30bd16e47475bf3fb6"}
,"C:\\Users\\anton\\Documents\\reactnd-project-myreads-starter\\src\\components\\Book.js": {"path":"C:\\Users\\anton\\Documents\\reactnd-project-myreads-starter\\src\\components\\Book.js","statementMap":{"0":{"start":{"line":7,"column":13},"end":{"line":43,"column":1}},"1":{"start":{"line":8,"column":45},"end":{"line":8,"column":49}},"2":{"start":{"line":9,"column":18},"end":{"line":14,"column":3}},"3":{"start":{"line":16,"column":2},"end":{"line":42,"column":4}},"4":{"start":{"line":45,"column":0},"end":{"line":48,"column":2}}},"fnMap":{"0":{"name":"(anonymous_0)","decl":{"start":{"line":7,"column":13},"end":{"line":7,"column":14}},"loc":{"start":{"line":7,"column":41},"end":{"line":43,"column":1}},"line":7}},"branchMap":{"0":{"loc":{"start":{"line":26,"column":16},"end":{"line":26,"column":80}},"type":"cond-expr","locations":[{"start":{"line":26,"column":29},"end":{"line":26,"column":54}},{"start":{"line":26,"column":57},"end":{"line":26,"column":80}}],"line":26},"1":{"loc":{"start":{"line":38,"column":11},"end":{"line":38,"column":60}},"type":"cond-expr","locations":[{"start":{"line":38,"column":32},"end":{"line":38,"column":50}},{"start":{"line":38,"column":53},"end":{"line":38,"column":60}}],"line":38}},"s":{"0":6,"1":26,"2":26,"3":26,"4":6},"f":{"0":26},"b":{"0":[7,19],"1":[0,26]},"_coverageSchema":"332fd63041d2c1bcb487cc26dd0d5f7d97098a6c","hash":"555eb571b1b6ae8b2bcf6b3a1875b9e2e519c170"}
,"C:\\Users\\anton\\Documents\\reactnd-project-myreads-starter\\src\\components\\BookShelf.js": {"path":"C:\\Users\\anton\\Documents\\reactnd-project-myreads-starter\\src\\components\\BookShelf.js","statementMap":{"0":{"start":{"line":6,"column":18},"end":{"line":19,"column":1}},"1":{"start":{"line":7,"column":23},"end":{"line":9,"column":4}},"2":{"start":{"line":8,"column":4},"end":{"line":8,"column":38}},"3":{"start":{"line":11,"column":2},"end":{"line":18,"column":4}},"4":{"start":{"line":21,"column":0},"end":{"line":25,"column":2}}},"fnMap":{"0":{"name":"(anonymous_0)","decl":{"start":{"line":6,"column":18},"end":{"line":6,"column":19}},"loc":{"start":{"line":6,"column":58},"end":{"line":19,"column":1}},"line":6},"1":{"name":"(anonymous_1)","decl":{"start":{"line":7,"column":36},"end":{"line":7,"column":37}},"loc":{"start":{"line":7,"column":44},"end":{"line":9,"column":3}},"line":7}},"branchMap":{},"s":{"0":3,"1":4,"2":27,"3":4,"4":3},"f":{"0":4,"1":27},"b":{},"_coverageSchema":"332fd63041d2c1bcb487cc26dd0d5f7d97098a6c","hash":"d34d2fec4d14f50773e51e7b191b693e6a571317"}
,"C:\\Users\\anton\\Documents\\reactnd-project-myreads-starter\\src\\components\\BooksGrid.js": {"path":"C:\\Users\\anton\\Documents\\reactnd-project-myreads-starter\\src\\components\\BooksGrid.js","statementMap":{"0":{"start":{"line":6,"column":18},"end":{"line":14,"column":1}},"1":{"start":{"line":7,"column":2},"end":{"line":13,"column":17}},"2":{"start":{"line":9,"column":6},"end":{"line":11,"column":11}},"3":{"start":{"line":16,"column":0},"end":{"line":19,"column":2}}},"fnMap":{"0":{"name":"(anonymous_0)","decl":{"start":{"line":6,"column":18},"end":{"line":6,"column":19}},"loc":{"start":{"line":7,"column":2},"end":{"line":13,"column":17}},"line":7},"1":{"name":"(anonymous_1)","decl":{"start":{"line":8,"column":15},"end":{"line":8,"column":16}},"loc":{"start":{"line":9,"column":6},"end":{"line":11,"column":11}},"line":9}},"branchMap":{},"s":{"0":5,"1":7,"2":31,"3":5},"f":{"0":7,"1":31},"b":{},"_coverageSchema":"332fd63041d2c1bcb487cc26dd0d5f7d97098a6c","hash":"e4aa9d4d5d375eb538774b32c8c7080473ab4061"}
,"C:\\Users\\anton\\Documents\\reactnd-project-myreads-starter\\src\\components\\Loading.js": {"path":"C:\\Users\\anton\\Documents\\reactnd-project-myreads-starter\\src\\components\\Loading.js","statementMap":{"0":{"start":{"line":5,"column":16},"end":{"line":11,"column":1}},"1":{"start":{"line":6,"column":2},"end":{"line":10,"column":4}}},"fnMap":{"0":{"name":"(anonymous_0)","decl":{"start":{"line":5,"column":16},"end":{"line":5,"column":17}},"loc":{"start":{"line":5,"column":22},"end":{"line":11,"column":1}},"line":5}},"branchMap":{},"s":{"0":4,"1":2},"f":{"0":2},"b":{},"_coverageSchema":"332fd63041d2c1bcb487cc26dd0d5f7d97098a6c","hash":"418641b0d81521f7415eab4ebbfbeb1aa6186b78"}
,"C:\\Users\\anton\\Documents\\reactnd-project-myreads-starter\\src\\components\\PageDetailBook.js": {"path":"C:\\Users\\anton\\Documents\\reactnd-project-myreads-starter\\src\\components\\PageDetailBook.js","statementMap":{"0":{"start":{"line":19,"column":19},"end":{"line":19,"column":29}},"1":{"start":{"line":20,"column":4},"end":{"line":25,"column":7}},"2":{"start":{"line":21,"column":6},"end":{"line":24,"column":10}},"3":{"start":{"line":21,"column":27},"end":{"line":24,"column":7}},"4":{"start":{"line":29,"column":29},"end":{"line":29,"column":39}},"5":{"start":{"line":30,"column":32},"end":{"line":30,"column":42}},"6":{"start":{"line":31,"column":4},"end":{"line":82,"column":6}},"7":{"start":{"line":36,"column":14},"end":{"line":36,"column":36}}},"fnMap":{"0":{"name":"(anonymous_0)","decl":{"start":{"line":18,"column":2},"end":{"line":18,"column":3}},"loc":{"start":{"line":18,"column":22},"end":{"line":26,"column":3}},"line":18},"1":{"name":"(anonymous_1)","decl":{"start":{"line":20,"column":26},"end":{"line":20,"column":27}},"loc":{"start":{"line":20,"column":34},"end":{"line":25,"column":5}},"line":20},"2":{"name":"(anonymous_2)","decl":{"start":{"line":21,"column":20},"end":{"line":21,"column":21}},"loc":{"start":{"line":21,"column":27},"end":{"line":24,"column":7}},"line":21},"3":{"name":"(anonymous_3)","decl":{"start":{"line":28,"column":2},"end":{"line":28,"column":3}},"loc":{"start":{"line":28,"column":11},"end":{"line":83,"column":3}},"line":28},"4":{"name":"(anonymous_4)","decl":{"start":{"line":35,"column":21},"end":{"line":35,"column":22}},"loc":{"start":{"line":35,"column":27},"end":{"line":37,"column":13}},"line":35}},"branchMap":{"0":{"loc":{"start":{"line":41,"column":9},"end":{"line":80,"column":9}},"type":"cond-expr","locations":[{"start":{"line":42,"column":10},"end":{"line":42,"column":21}},{"start":{"line":44,"column":10},"end":{"line":79,"column":23}}],"line":41},"1":{"loc":{"start":{"line":48,"column":18},"end":{"line":50,"column":45}},"type":"cond-expr","locations":[{"start":{"line":49,"column":22},"end":{"line":49,"column":52}},{"start":{"line":50,"column":22},"end":{"line":50,"column":45}}],"line":48},"2":{"loc":{"start":{"line":56,"column":17},"end":{"line":56,"column":58}},"type":"binary-expr","locations":[{"start":{"line":56,"column":17},"end":{"line":56,"column":30}},{"start":{"line":56,"column":34},"end":{"line":56,"column":58}}],"line":56},"3":{"loc":{"start":{"line":59,"column":19},"end":{"line":59,"column":62}},"type":"cond-expr","locations":[{"start":{"line":59,"column":34},"end":{"line":59,"column":57}},{"start":{"line":59,"column":60},"end":{"line":59,"column":62}}],"line":59}},"s":{"0":4,"1":4,"2":3,"3":3,"4":6,"5":6,"6":6,"7":1},"f":{"0":4,"1":3,"2":3,"3":6,"4":1},"b":{"0":[3,3],"1":[3,0],"2":[3,0],"3":[3,0]},"_coverageSchema":"332fd63041d2c1bcb487cc26dd0d5f7d97098a6c","hash":"762d6e7b73604ea905f9518b8a3010cef684cfcd"}
,"C:\\Users\\anton\\Documents\\reactnd-project-myreads-starter\\src\\components\\PageListBooks.js": {"path":"C:\\Users\\anton\\Documents\\reactnd-project-myreads-starter\\src\\components\\PageListBooks.js","statementMap":{"0":{"start":{"line":7,"column":22},"end":{"line":43,"column":1}},"1":{"start":{"line":13,"column":17},"end":{"line":17,"column":3}},"2":{"start":{"line":19,"column":2},"end":{"line":42,"column":4}},"3":{"start":{"line":29,"column":12},"end":{"line":34,"column":14}},"4":{"start":{"line":39,"column":31},"end":{"line":39,"column":59}},"5":{"start":{"line":45,"column":0},"end":{"line":50,"column":2}}},"fnMap":{"0":{"name":"(anonymous_0)","decl":{"start":{"line":7,"column":22},"end":{"line":7,"column":23}},"loc":{"start":{"line":12,"column":6},"end":{"line":43,"column":1}},"line":12},"1":{"name":"(anonymous_1)","decl":{"start":{"line":28,"column":22},"end":{"line":28,"column":23}},"loc":{"start":{"line":29,"column":12},"end":{"line":34,"column":14}},"line":29},"2":{"name":"(anonymous_2)","decl":{"start":{"line":39,"column":25},"end":{"line":39,"column":26}},"loc":{"start":{"line":39,"column":31},"end":{"line":39,"column":59}},"line":39}},"branchMap":{"0":{"loc":{"start":{"line":24,"column":7},"end":{"line":37,"column":7}},"type":"cond-expr","locations":[{"start":{"line":25,"column":8},"end":{"line":25,"column":19}},{"start":{"line":27,"column":8},"end":{"line":36,"column":21}}],"line":24}},"s":{"0":2,"1":4,"2":4,"3":9,"4":1,"5":2},"f":{"0":4,"1":9,"2":1},"b":{"0":[1,3]},"_coverageSchema":"332fd63041d2c1bcb487cc26dd0d5f7d97098a6c","hash":"fcb3a7f9fbb6ef1a76461f469120f4dde8c5b389"}
,"C:\\Users\\anton\\Documents\\reactnd-project-myreads-starter\\src\\components\\PageSearchBooks.js": {"path":"C:\\Users\\anton\\Documents\\reactnd-project-myreads-starter\\src\\components\\PageSearchBooks.js","statementMap":{"0":{"start":{"line":9,"column":4},"end":{"line":9,"column":17}},"1":{"start":{"line":10,"column":4},"end":{"line":10,"column":39}},"2":{"start":{"line":23,"column":4},"end":{"line":23,"column":34}},"3":{"start":{"line":24,"column":4},"end":{"line":24,"column":35}},"4":{"start":{"line":34,"column":8},"end":{"line":34,"column":18}},"5":{"start":{"line":35,"column":4},"end":{"line":63,"column":6}},"6":{"start":{"line":41,"column":14},"end":{"line":41,"column":37}},"7":{"start":{"line":51,"column":33},"end":{"line":51,"column":64}}},"fnMap":{"0":{"name":"(anonymous_0)","decl":{"start":{"line":8,"column":2},"end":{"line":8,"column":3}},"loc":{"start":{"line":8,"column":21},"end":{"line":11,"column":3}},"line":8},"1":{"name":"(anonymous_1)","decl":{"start":{"line":22,"column":2},"end":{"line":22,"column":3}},"loc":{"start":{"line":22,"column":22},"end":{"line":25,"column":3}},"line":22},"2":{"name":"(anonymous_2)","decl":{"start":{"line":27,"column":2},"end":{"line":27,"column":3}},"loc":{"start":{"line":27,"column":11},"end":{"line":64,"column":3}},"line":27},"3":{"name":"(anonymous_3)","decl":{"start":{"line":40,"column":21},"end":{"line":40,"column":22}},"loc":{"start":{"line":40,"column":27},"end":{"line":42,"column":13}},"line":40},"4":{"name":"(anonymous_4)","decl":{"start":{"line":51,"column":24},"end":{"line":51,"column":25}},"loc":{"start":{"line":51,"column":33},"end":{"line":51,"column":64}},"line":51}},"branchMap":{"0":{"loc":{"start":{"line":55,"column":9},"end":{"line":61,"column":9}},"type":"cond-expr","locations":[{"start":{"line":56,"column":10},"end":{"line":56,"column":21}},{"start":{"line":58,"column":10},"end":{"line":60,"column":16}}],"line":55}},"s":{"0":3,"1":3,"2":3,"3":3,"4":3,"5":3,"6":1,"7":1},"f":{"0":3,"1":3,"2":3,"3":1,"4":1},"b":{"0":[0,3]},"_coverageSchema":"332fd63041d2c1bcb487cc26dd0d5f7d97098a6c","hash":"29449f7ddea19e73a95e1c1833fcb4e5691f0d1e"}
,"C:\\Users\\anton\\Documents\\reactnd-project-myreads-starter\\src\\components\\Select.js": {"path":"C:\\Users\\anton\\Documents\\reactnd-project-myreads-starter\\src\\components\\Select.js","statementMap":{"0":{"start":{"line":4,"column":15},"end":{"line":18,"column":1}},"1":{"start":{"line":5,"column":2},"end":{"line":17,"column":11}},"2":{"start":{"line":7,"column":23},"end":{"line":7,"column":61}},"3":{"start":{"line":13,"column":6},"end":{"line":15,"column":15}},"4":{"start":{"line":20,"column":0},"end":{"line":24,"column":2}}},"fnMap":{"0":{"name":"(anonymous_0)","decl":{"start":{"line":4,"column":15},"end":{"line":4,"column":16}},"loc":{"start":{"line":5,"column":2},"end":{"line":17,"column":11}},"line":5},"1":{"name":"(anonymous_1)","decl":{"start":{"line":7,"column":14},"end":{"line":7,"column":15}},"loc":{"start":{"line":7,"column":23},"end":{"line":7,"column":61}},"line":7},"2":{"name":"(anonymous_2)","decl":{"start":{"line":12,"column":17},"end":{"line":12,"column":18}},"loc":{"start":{"line":13,"column":6},"end":{"line":15,"column":15}},"line":13}},"branchMap":{},"s":{"0":7,"1":29,"2":1,"3":116,"4":7},"f":{"0":29,"1":1,"2":116},"b":{},"_coverageSchema":"332fd63041d2c1bcb487cc26dd0d5f7d97098a6c","hash":"71b51891f0e02e5f8fe45854a1bb67e6a5227b11"}
}
