{"C:\\Users\\anton\\Documents\\reactnd-project-myreads-starter\\src\\components\\App.js": {"path":"C:\\Users\\anton\\Documents\\reactnd-project-myreads-starter\\src\\components\\App.js","statementMap":{"0":{"start":{"line":16,"column":4},"end":{"line":20,"column":7}},"1":{"start":{"line":17,"column":6},"end":{"line":19,"column":10}},"2":{"start":{"line":17,"column":27},"end":{"line":19,"column":7}},"3":{"start":{"line":24,"column":21},"end":{"line":24,"column":31}},"4":{"start":{"line":25,"column":4},"end":{"line":25,"column":40}},"5":{"start":{"line":26,"column":4},"end":{"line":29,"column":7}},"6":{"start":{"line":27,"column":6},"end":{"line":27,"column":68}},"7":{"start":{"line":28,"column":6},"end":{"line":28,"column":45}},"8":{"start":{"line":33,"column":4},"end":{"line":33,"column":23}},"9":{"start":{"line":34,"column":4},"end":{"line":38,"column":8}},"10":{"start":{"line":34,"column":32},"end":{"line":38,"column":5}},"11":{"start":{"line":36,"column":26},"end":{"line":36,"column":47}},"12":{"start":{"line":46,"column":28},"end":{"line":55,"column":6}},"13":{"start":{"line":47,"column":6},"end":{"line":53,"column":9}},"14":{"start":{"line":48,"column":8},"end":{"line":52,"column":9}},"15":{"start":{"line":49,"column":10},"end":{"line":49,"column":31}},"16":{"start":{"line":50,"column":15},"end":{"line":52,"column":9}},"17":{"start":{"line":51,"column":10},"end":{"line":51,"column":30}},"18":{"start":{"line":54,"column":6},"end":{"line":54,"column":18}},"19":{"start":{"line":56,"column":4},"end":{"line":56,"column":27}},"20":{"start":{"line":60,"column":4},"end":{"line":67,"column":7}},"21":{"start":{"line":61,"column":6},"end":{"line":63,"column":7}},"22":{"start":{"line":62,"column":8},"end":{"line":62,"column":20}},"23":{"start":{"line":64,"column":6},"end":{"line":66,"column":9}},"24":{"start":{"line":71,"column":4},"end":{"line":71,"column":36}},"25":{"start":{"line":75,"column":4},"end":{"line":108,"column":6}},"26":{"start":{"line":81,"column":12},"end":{"line":85,"column":14}},"27":{"start":{"line":91,"column":12},"end":{"line":97,"column":14}},"28":{"start":{"line":103,"column":23},"end":{"line":103,"column":38}},"29":{"start":{"line":104,"column":12},"end":{"line":104,"column":69}}},"fnMap":{"0":{"name":"(anonymous_0)","decl":{"start":{"line":15,"column":2},"end":{"line":15,"column":3}},"loc":{"start":{"line":15,"column":22},"end":{"line":21,"column":3}},"line":15},"1":{"name":"(anonymous_1)","decl":{"start":{"line":16,"column":27},"end":{"line":16,"column":28}},"loc":{"start":{"line":16,"column":36},"end":{"line":20,"column":5}},"line":16},"2":{"name":"(anonymous_2)","decl":{"start":{"line":17,"column":20},"end":{"line":17,"column":21}},"loc":{"start":{"line":17,"column":27},"end":{"line":19,"column":7}},"line":17},"3":{"name":"(anonymous_3)","decl":{"start":{"line":23,"column":15},"end":{"line":23,"column":16}},"loc":{"start":{"line":23,"column":32},"end":{"line":30,"column":3}},"line":23},"4":{"name":"(anonymous_4)","decl":{"start":{"line":26,"column":39},"end":{"line":26,"column":40}},"loc":{"start":{"line":26,"column":45},"end":{"line":29,"column":5}},"line":26},"5":{"name":"(anonymous_5)","decl":{"start":{"line":32,"column":22},"end":{"line":32,"column":23}},"loc":{"start":{"line":32,"column":39},"end":{"line":39,"column":3}},"line":32},"6":{"name":"(anonymous_6)","decl":{"start":{"line":34,"column":18},"end":{"line":34,"column":19}},"loc":{"start":{"line":34,"column":32},"end":{"line":38,"column":5}},"line":34},"7":{"name":"(anonymous_7)","decl":{"start":{"line":36,"column":16},"end":{"line":36,"column":17}},"loc":{"start":{"line":36,"column":26},"end":{"line":36,"column":47}},"line":36},"8":{"name":"(anonymous_8)","decl":{"start":{"line":45,"column":19},"end":{"line":45,"column":20}},"loc":{"start":{"line":45,"column":28},"end":{"line":57,"column":3}},"line":45},"9":{"name":"(anonymous_9)","decl":{"start":{"line":46,"column":38},"end":{"line":46,"column":39}},"loc":{"start":{"line":46,"column":46},"end":{"line":55,"column":5}},"line":46},"10":{"name":"(anonymous_10)","decl":{"start":{"line":47,"column":31},"end":{"line":47,"column":32}},"loc":{"start":{"line":47,"column":36},"end":{"line":53,"column":7}},"line":47},"11":{"name":"(anonymous_11)","decl":{"start":{"line":59,"column":16},"end":{"line":59,"column":17}},"loc":{"start":{"line":59,"column":25},"end":{"line":68,"column":3}},"line":59},"12":{"name":"(anonymous_12)","decl":{"start":{"line":60,"column":32},"end":{"line":60,"column":33}},"loc":{"start":{"line":60,"column":42},"end":{"line":67,"column":5}},"line":60},"13":{"name":"(anonymous_13)","decl":{"start":{"line":70,"column":21},"end":{"line":70,"column":22}},"loc":{"start":{"line":70,"column":27},"end":{"line":72,"column":3}},"line":70},"14":{"name":"(anonymous_14)","decl":{"start":{"line":74,"column":2},"end":{"line":74,"column":3}},"loc":{"start":{"line":74,"column":11},"end":{"line":109,"column":3}},"line":74},"15":{"name":"(anonymous_15)","decl":{"start":{"line":80,"column":18},"end":{"line":80,"column":19}},"loc":{"start":{"line":81,"column":12},"end":{"line":85,"column":14}},"line":81},"16":{"name":"(anonymous_16)","decl":{"start":{"line":90,"column":18},"end":{"line":90,"column":19}},"loc":{"start":{"line":91,"column":12},"end":{"line":97,"column":14}},"line":91},"17":{"name":"(anonymous_17)","decl":{"start":{"line":102,"column":18},"end":{"line":102,"column":19}},"loc":{"start":{"line":102,"column":42},"end":{"line":105,"column":11}},"line":102}},"branchMap":{"0":{"loc":{"start":{"line":48,"column":8},"end":{"line":52,"column":9}},"type":"if","locations":[{"start":{"line":48,"column":8},"end":{"line":52,"column":9}},{"start":{"line":48,"column":8},"end":{"line":52,"column":9}}],"line":48},"1":{"loc":{"start":{"line":50,"column":15},"end":{"line":52,"column":9}},"type":"if","locations":[{"start":{"line":50,"column":15},"end":{"line":52,"column":9}},{"start":{"line":50,"column":15},"end":{"line":52,"column":9}}],"line":50},"2":{"loc":{"start":{"line":61,"column":6},"end":{"line":63,"column":7}},"type":"if","locations":[{"start":{"line":61,"column":6},"end":{"line":63,"column":7}},{"start":{"line":61,"column":6},"end":{"line":63,"column":7}}],"line":61},"3":{"loc":{"start":{"line":61,"column":10},"end":{"line":61,"column":33}},"type":"binary-expr","locations":[{"start":{"line":61,"column":10},"end":{"line":61,"column":17}},{"start":{"line":61,"column":21},"end":{"line":61,"column":33}}],"line":61}},"s":{"0":5,"1":4,"2":4,"3":0,"4":0,"5":0,"6":0,"7":0,"8":0,"9":0,"10":0,"11":0,"12":1,"13":20,"14":140,"15":0,"16":140,"17":20,"18":20,"19":1,"20":1,"21":1,"22":0,"23":1,"24":1,"25":10,"26":2,"27":0,"28":0,"29":0},"f":{"0":5,"1":4,"2":4,"3":0,"4":0,"5":0,"6":0,"7":0,"8":1,"9":20,"10":140,"11":1,"12":1,"13":1,"14":10,"15":2,"16":0,"17":0},"b":{"0":[0,140],"1":[20,120],"2":[0,1],"3":[1,1]},"_coverageSchema":"332fd63041d2c1bcb487cc26dd0d5f7d97098a6c","hash":"39b9dbbfc994372b885b0cca27682a6dd5c772c9"}
,"C:\\Users\\anton\\Documents\\reactnd-project-myreads-starter\\src\\components\\Book.js": {"path":"C:\\Users\\anton\\Documents\\reactnd-project-myreads-starter\\src\\components\\Book.js","statementMap":{"0":{"start":{"line":6,"column":13},"end":{"line":40,"column":1}},"1":{"start":{"line":7,"column":45},"end":{"line":7,"column":49}},"2":{"start":{"line":8,"column":18},"end":{"line":13,"column":3}},"3":{"start":{"line":15,"column":2},"end":{"line":39,"column":4}},"4":{"start":{"line":42,"column":0},"end":{"line":45,"column":2}}},"fnMap":{"0":{"name":"(anonymous_0)","decl":{"start":{"line":6,"column":13},"end":{"line":6,"column":14}},"loc":{"start":{"line":6,"column":41},"end":{"line":40,"column":1}},"line":6}},"branchMap":{"0":{"loc":{"start":{"line":25,"column":16},"end":{"line":25,"column":80}},"type":"cond-expr","locations":[{"start":{"line":25,"column":29},"end":{"line":25,"column":54}},{"start":{"line":25,"column":57},"end":{"line":25,"column":80}}],"line":25}},"s":{"0":6,"1":26,"2":26,"3":26,"4":6},"f":{"0":26},"b":{"0":[7,19]},"_coverageSchema":"332fd63041d2c1bcb487cc26dd0d5f7d97098a6c","hash":"166c5f0532b2abd9ebfcc75e4c3e8da2e4a6b108"}
,"C:\\Users\\anton\\Documents\\reactnd-project-myreads-starter\\src\\components\\BookShelf.js": {"path":"C:\\Users\\anton\\Documents\\reactnd-project-myreads-starter\\src\\components\\BookShelf.js","statementMap":{"0":{"start":{"line":5,"column":18},"end":{"line":18,"column":1}},"1":{"start":{"line":6,"column":23},"end":{"line":8,"column":4}},"2":{"start":{"line":7,"column":4},"end":{"line":7,"column":38}},"3":{"start":{"line":10,"column":2},"end":{"line":17,"column":4}},"4":{"start":{"line":20,"column":0},"end":{"line":24,"column":2}}},"fnMap":{"0":{"name":"(anonymous_0)","decl":{"start":{"line":5,"column":18},"end":{"line":5,"column":19}},"loc":{"start":{"line":5,"column":58},"end":{"line":18,"column":1}},"line":5},"1":{"name":"(anonymous_1)","decl":{"start":{"line":6,"column":36},"end":{"line":6,"column":37}},"loc":{"start":{"line":6,"column":44},"end":{"line":8,"column":3}},"line":6}},"branchMap":{},"s":{"0":3,"1":7,"2":27,"3":7,"4":3},"f":{"0":7,"1":27},"b":{},"_coverageSchema":"332fd63041d2c1bcb487cc26dd0d5f7d97098a6c","hash":"567d586d06c838c2076773f45a8181845ce615e7"}
,"C:\\Users\\anton\\Documents\\reactnd-project-myreads-starter\\src\\components\\BooksGrid.js": {"path":"C:\\Users\\anton\\Documents\\reactnd-project-myreads-starter\\src\\components\\BooksGrid.js","statementMap":{"0":{"start":{"line":5,"column":18},"end":{"line":13,"column":1}},"1":{"start":{"line":6,"column":2},"end":{"line":12,"column":7}},"2":{"start":{"line":8,"column":6},"end":{"line":10,"column":11}},"3":{"start":{"line":15,"column":0},"end":{"line":18,"column":2}}},"fnMap":{"0":{"name":"(anonymous_0)","decl":{"start":{"line":5,"column":18},"end":{"line":5,"column":19}},"loc":{"start":{"line":6,"column":2},"end":{"line":12,"column":7}},"line":6},"1":{"name":"(anonymous_1)","decl":{"start":{"line":7,"column":15},"end":{"line":7,"column":16}},"loc":{"start":{"line":8,"column":6},"end":{"line":10,"column":11}},"line":8}},"branchMap":{},"s":{"0":5,"1":10,"2":31,"3":5},"f":{"0":10,"1":31},"b":{},"_coverageSchema":"332fd63041d2c1bcb487cc26dd0d5f7d97098a6c","hash":"60d8a543b420afeb9c3dc79fe9e28fdb4864fcd6"}
,"C:\\Users\\anton\\Documents\\reactnd-project-myreads-starter\\src\\components\\PageDetailBook.js": {"path":"C:\\Users\\anton\\Documents\\reactnd-project-myreads-starter\\src\\components\\PageDetailBook.js","statementMap":{"0":{"start":{"line":16,"column":19},"end":{"line":16,"column":29}},"1":{"start":{"line":17,"column":4},"end":{"line":21,"column":7}},"2":{"start":{"line":18,"column":6},"end":{"line":20,"column":10}},"3":{"start":{"line":18,"column":27},"end":{"line":20,"column":7}},"4":{"start":{"line":25,"column":29},"end":{"line":25,"column":39}},"5":{"start":{"line":26,"column":21},"end":{"line":26,"column":31}},"6":{"start":{"line":27,"column":4},"end":{"line":87,"column":6}},"7":{"start":{"line":33,"column":14},"end":{"line":33,"column":36}}},"fnMap":{"0":{"name":"(anonymous_0)","decl":{"start":{"line":15,"column":2},"end":{"line":15,"column":3}},"loc":{"start":{"line":15,"column":22},"end":{"line":22,"column":3}},"line":15},"1":{"name":"(anonymous_1)","decl":{"start":{"line":17,"column":26},"end":{"line":17,"column":27}},"loc":{"start":{"line":17,"column":34},"end":{"line":21,"column":5}},"line":17},"2":{"name":"(anonymous_2)","decl":{"start":{"line":18,"column":20},"end":{"line":18,"column":21}},"loc":{"start":{"line":18,"column":27},"end":{"line":20,"column":7}},"line":18},"3":{"name":"(anonymous_3)","decl":{"start":{"line":24,"column":2},"end":{"line":24,"column":3}},"loc":{"start":{"line":24,"column":11},"end":{"line":88,"column":3}},"line":24},"4":{"name":"(anonymous_4)","decl":{"start":{"line":32,"column":21},"end":{"line":32,"column":22}},"loc":{"start":{"line":32,"column":27},"end":{"line":34,"column":13}},"line":32}},"branchMap":{"0":{"loc":{"start":{"line":42,"column":16},"end":{"line":44,"column":43}},"type":"cond-expr","locations":[{"start":{"line":43,"column":20},"end":{"line":43,"column":50}},{"start":{"line":44,"column":20},"end":{"line":44,"column":43}}],"line":42},"1":{"loc":{"start":{"line":55,"column":15},"end":{"line":57,"column":15}},"type":"binary-expr","locations":[{"start":{"line":55,"column":15},"end":{"line":55,"column":28}},{"start":{"line":56,"column":16},"end":{"line":56,"column":69}}],"line":55}},"s":{"0":4,"1":4,"2":4,"3":4,"4":7,"5":7,"6":7,"7":1},"f":{"0":4,"1":4,"2":4,"3":7,"4":1},"b":{"0":[4,3],"1":[7,0]},"_coverageSchema":"332fd63041d2c1bcb487cc26dd0d5f7d97098a6c","hash":"24f0d4f534cf6c399e70a38ead4e133588a111e5"}
,"C:\\Users\\anton\\Documents\\reactnd-project-myreads-starter\\src\\components\\PageListBooks.js": {"path":"C:\\Users\\anton\\Documents\\reactnd-project-myreads-starter\\src\\components\\PageListBooks.js","statementMap":{"0":{"start":{"line":5,"column":22},"end":{"line":34,"column":1}},"1":{"start":{"line":6,"column":17},"end":{"line":10,"column":3}},"2":{"start":{"line":12,"column":2},"end":{"line":33,"column":4}},"3":{"start":{"line":20,"column":12},"end":{"line":25,"column":14}},"4":{"start":{"line":30,"column":31},"end":{"line":30,"column":59}},"5":{"start":{"line":36,"column":0},"end":{"line":40,"column":2}}},"fnMap":{"0":{"name":"(anonymous_0)","decl":{"start":{"line":5,"column":22},"end":{"line":5,"column":23}},"loc":{"start":{"line":5,"column":69},"end":{"line":34,"column":1}},"line":5},"1":{"name":"(anonymous_1)","decl":{"start":{"line":19,"column":22},"end":{"line":19,"column":23}},"loc":{"start":{"line":20,"column":12},"end":{"line":25,"column":14}},"line":20},"2":{"name":"(anonymous_2)","decl":{"start":{"line":30,"column":25},"end":{"line":30,"column":26}},"loc":{"start":{"line":30,"column":31},"end":{"line":30,"column":59}},"line":30}},"branchMap":{},"s":{"0":2,"1":4,"2":4,"3":12,"4":1,"5":2},"f":{"0":4,"1":12,"2":1},"b":{},"_coverageSchema":"332fd63041d2c1bcb487cc26dd0d5f7d97098a6c","hash":"3eabfd181941ecef521fe730ad16a50978f334d7"}
,"C:\\Users\\anton\\Documents\\reactnd-project-myreads-starter\\src\\components\\PageSearchBooks.js": {"path":"C:\\Users\\anton\\Documents\\reactnd-project-myreads-starter\\src\\components\\PageSearchBooks.js","statementMap":{"0":{"start":{"line":7,"column":4},"end":{"line":7,"column":17}},"1":{"start":{"line":8,"column":4},"end":{"line":8,"column":39}},"2":{"start":{"line":20,"column":4},"end":{"line":20,"column":34}},"3":{"start":{"line":21,"column":4},"end":{"line":21,"column":35}},"4":{"start":{"line":25,"column":67},"end":{"line":25,"column":77}},"5":{"start":{"line":26,"column":4},"end":{"line":50,"column":6}},"6":{"start":{"line":32,"column":14},"end":{"line":32,"column":37}},"7":{"start":{"line":42,"column":33},"end":{"line":42,"column":64}}},"fnMap":{"0":{"name":"(anonymous_0)","decl":{"start":{"line":6,"column":2},"end":{"line":6,"column":3}},"loc":{"start":{"line":6,"column":21},"end":{"line":9,"column":3}},"line":6},"1":{"name":"(anonymous_1)","decl":{"start":{"line":19,"column":2},"end":{"line":19,"column":3}},"loc":{"start":{"line":19,"column":22},"end":{"line":22,"column":3}},"line":19},"2":{"name":"(anonymous_2)","decl":{"start":{"line":24,"column":2},"end":{"line":24,"column":3}},"loc":{"start":{"line":24,"column":11},"end":{"line":51,"column":3}},"line":24},"3":{"name":"(anonymous_3)","decl":{"start":{"line":31,"column":21},"end":{"line":31,"column":22}},"loc":{"start":{"line":31,"column":27},"end":{"line":33,"column":13}},"line":31},"4":{"name":"(anonymous_4)","decl":{"start":{"line":42,"column":24},"end":{"line":42,"column":25}},"loc":{"start":{"line":42,"column":33},"end":{"line":42,"column":64}},"line":42}},"branchMap":{},"s":{"0":3,"1":3,"2":3,"3":3,"4":3,"5":3,"6":1,"7":1},"f":{"0":3,"1":3,"2":3,"3":1,"4":1},"b":{},"_coverageSchema":"332fd63041d2c1bcb487cc26dd0d5f7d97098a6c","hash":"58876b0a2c8e4d71de864b2a35a507a8feefc9c8"}
,"C:\\Users\\anton\\Documents\\reactnd-project-myreads-starter\\src\\components\\Select.js": {"path":"C:\\Users\\anton\\Documents\\reactnd-project-myreads-starter\\src\\components\\Select.js","statementMap":{"0":{"start":{"line":4,"column":15},"end":{"line":18,"column":1}},"1":{"start":{"line":5,"column":2},"end":{"line":17,"column":11}},"2":{"start":{"line":7,"column":23},"end":{"line":7,"column":61}},"3":{"start":{"line":13,"column":6},"end":{"line":15,"column":15}},"4":{"start":{"line":20,"column":0},"end":{"line":24,"column":2}}},"fnMap":{"0":{"name":"(anonymous_0)","decl":{"start":{"line":4,"column":15},"end":{"line":4,"column":16}},"loc":{"start":{"line":5,"column":2},"end":{"line":17,"column":11}},"line":5},"1":{"name":"(anonymous_1)","decl":{"start":{"line":7,"column":14},"end":{"line":7,"column":15}},"loc":{"start":{"line":7,"column":23},"end":{"line":7,"column":61}},"line":7},"2":{"name":"(anonymous_2)","decl":{"start":{"line":12,"column":17},"end":{"line":12,"column":18}},"loc":{"start":{"line":13,"column":6},"end":{"line":15,"column":15}},"line":13}},"branchMap":{},"s":{"0":7,"1":29,"2":1,"3":116,"4":7},"f":{"0":29,"1":1,"2":116},"b":{},"_coverageSchema":"332fd63041d2c1bcb487cc26dd0d5f7d97098a6c","hash":"71b51891f0e02e5f8fe45854a1bb67e6a5227b11"}
}
