TN:
SF:C:\Users\anton\Documents\reactnd-project-myreads-starter\src\components\App.js
FN:10,(anonymous_0)
FN:21,(anonymous_1)
FN:22,(anonymous_2)
FN:30,(anonymous_3)
FN:33,(anonymous_4)
FN:39,(anonymous_5)
FN:41,(anonymous_6)
FN:43,(anonymous_7)
FN:52,(anonymous_8)
FN:53,(anonymous_9)
FN:54,(anonymous_10)
FN:70,(anonymous_11)
FN:74,(anonymous_12)
FN:84,(anonymous_13)
FN:85,(anonymous_14)
FN:92,(anonymous_15)
FN:96,(anonymous_16)
FN:100,(anonymous_17)
FN:104,(anonymous_18)
FN:111,(anonymous_19)
FN:123,(anonymous_20)
FN:136,(anonymous_21)
FN:141,(anonymous_22)
FNF:23
FNH:15
FNDA:5,(anonymous_0)
FNDA:6,(anonymous_1)
FNDA:4,(anonymous_2)
FNDA:0,(anonymous_3)
FNDA:0,(anonymous_4)
FNDA:0,(anonymous_5)
FNDA:0,(anonymous_6)
FNDA:0,(anonymous_7)
FNDA:1,(anonymous_8)
FNDA:20,(anonymous_9)
FNDA:140,(anonymous_10)
FNDA:1,(anonymous_11)
FNDA:1,(anonymous_12)
FNDA:1,(anonymous_13)
FNDA:1,(anonymous_14)
FNDA:2,(anonymous_15)
FNDA:1,(anonymous_16)
FNDA:2,(anonymous_17)
FNDA:13,(anonymous_18)
FNDA:2,(anonymous_19)
FNDA:0,(anonymous_20)
FNDA:0,(anonymous_21)
FNDA:0,(anonymous_22)
DA:11,5
DA:12,5
DA:13,5
DA:14,5
DA:22,6
DA:23,4
DA:31,0
DA:32,0
DA:33,0
DA:34,0
DA:35,0
DA:40,0
DA:41,0
DA:43,0
DA:53,1
DA:54,20
DA:55,140
DA:56,0
DA:57,140
DA:58,20
DA:61,20
DA:63,1
DA:71,1
DA:72,1
DA:73,1
DA:74,1
DA:75,1
DA:80,0
DA:85,1
DA:86,1
DA:93,2
DA:97,1
DA:101,2
DA:105,13
DA:112,2
DA:124,0
DA:137,0
DA:138,0
DA:141,0
LF:39
LH:25
BRDA:55,0,0,0
BRDA:55,0,1,140
BRDA:57,1,0,20
BRDA:57,1,1,120
BRDA:73,2,0,1
BRDA:73,2,1,0
BRDA:75,3,0,0
BRDA:75,3,1,1
BRDA:75,4,0,1
BRDA:75,4,1,1
BRF:10
BRH:7
end_of_record
TN:
SF:C:\Users\anton\Documents\reactnd-project-myreads-starter\src\components\Book.js
FN:7,(anonymous_0)
FNF:1
FNH:1
FNDA:26,(anonymous_0)
DA:7,6
DA:8,26
DA:9,26
DA:16,26
DA:45,6
LF:5
LH:5
BRDA:26,0,0,7
BRDA:26,0,1,19
BRDA:38,1,0,0
BRDA:38,1,1,26
BRF:4
BRH:3
end_of_record
TN:
SF:C:\Users\anton\Documents\reactnd-project-myreads-starter\src\components\BookShelf.js
FN:6,(anonymous_0)
FN:7,(anonymous_1)
FNF:2
FNH:2
FNDA:4,(anonymous_0)
FNDA:27,(anonymous_1)
DA:6,3
DA:7,4
DA:8,27
DA:11,4
DA:21,3
LF:5
LH:5
BRF:0
BRH:0
end_of_record
TN:
SF:C:\Users\anton\Documents\reactnd-project-myreads-starter\src\components\BooksGrid.js
FN:6,(anonymous_0)
FN:8,(anonymous_1)
FNF:2
FNH:2
FNDA:7,(anonymous_0)
FNDA:31,(anonymous_1)
DA:6,5
DA:7,7
DA:9,31
DA:16,5
LF:4
LH:4
BRF:0
BRH:0
end_of_record
TN:
SF:C:\Users\anton\Documents\reactnd-project-myreads-starter\src\components\Loading.js
FN:5,(anonymous_0)
FNF:1
FNH:1
FNDA:2,(anonymous_0)
DA:5,4
DA:6,2
LF:2
LH:2
BRF:0
BRH:0
end_of_record
TN:
SF:C:\Users\anton\Documents\reactnd-project-myreads-starter\src\components\PageDetailBook.js
FN:18,(anonymous_0)
FN:20,(anonymous_1)
FN:21,(anonymous_2)
FN:28,(anonymous_3)
FN:35,(anonymous_4)
FNF:5
FNH:5
FNDA:4,(anonymous_0)
FNDA:3,(anonymous_1)
FNDA:3,(anonymous_2)
FNDA:6,(anonymous_3)
FNDA:1,(anonymous_4)
DA:19,4
DA:20,4
DA:21,3
DA:29,6
DA:30,6
DA:31,6
DA:36,1
LF:7
LH:7
BRDA:41,0,0,3
BRDA:41,0,1,3
BRDA:48,1,0,3
BRDA:48,1,1,0
BRDA:56,2,0,3
BRDA:56,2,1,0
BRDA:59,3,0,3
BRDA:59,3,1,0
BRF:8
BRH:5
end_of_record
TN:
SF:C:\Users\anton\Documents\reactnd-project-myreads-starter\src\components\PageListBooks.js
FN:7,(anonymous_0)
FN:28,(anonymous_1)
FN:39,(anonymous_2)
FNF:3
FNH:3
FNDA:4,(anonymous_0)
FNDA:9,(anonymous_1)
FNDA:1,(anonymous_2)
DA:7,2
DA:13,4
DA:19,4
DA:29,9
DA:39,1
DA:45,2
LF:6
LH:6
BRDA:24,0,0,1
BRDA:24,0,1,3
BRF:2
BRH:2
end_of_record
TN:
SF:C:\Users\anton\Documents\reactnd-project-myreads-starter\src\components\PageSearchBooks.js
FN:8,(anonymous_0)
FN:22,(anonymous_1)
FN:27,(anonymous_2)
FN:40,(anonymous_3)
FN:51,(anonymous_4)
FNF:5
FNH:5
FNDA:3,(anonymous_0)
FNDA:3,(anonymous_1)
FNDA:3,(anonymous_2)
FNDA:1,(anonymous_3)
FNDA:1,(anonymous_4)
DA:9,3
DA:10,3
DA:23,3
DA:24,3
DA:34,3
DA:35,3
DA:41,1
DA:51,1
LF:8
LH:8
BRDA:55,0,0,0
BRDA:55,0,1,3
BRF:2
BRH:1
end_of_record
TN:
SF:C:\Users\anton\Documents\reactnd-project-myreads-starter\src\components\Select.js
FN:4,(anonymous_0)
FN:7,(anonymous_1)
FN:12,(anonymous_2)
FNF:3
FNH:3
FNDA:29,(anonymous_0)
FNDA:1,(anonymous_1)
FNDA:116,(anonymous_2)
DA:4,7
DA:5,29
DA:7,1
DA:13,116
DA:20,7
LF:5
LH:5
BRF:0
BRH:0
end_of_record
